This is XeTeX, Version 3.141592653-2.6-0.999995 (TeX Live 2023) (preloaded format=xelatex 2024.2.18)  21 FEB 2024 17:03
entering extended mode
 restricted \write18 enabled.
 %&-line parsing enabled.
**arka_analysis.tex
(./arka_analysis.tex
LaTeX2e <2023-11-01> patch level 1
L3 programming layer <2024-02-13>
(/Users/sebastian/Library/TinyTeX/texmf-dist/tex/latex/koma-script/scrartcl.cls
Document Class: scrartcl 2023/07/07 v3.41 KOMA-Script document class (article)
(/Users/sebastian/Library/TinyTeX/texmf-dist/tex/latex/koma-script/scrkbase.sty
Package: scrkbase 2023/07/07 v3.41 KOMA-Script package (KOMA-Script-dependent basics and keyval usage)
(/Users/sebastian/Library/TinyTeX/texmf-dist/tex/latex/koma-script/scrbase.sty
Package: scrbase 2023/07/07 v3.41 KOMA-Script package (KOMA-Script-independent basics and keyval usage)
(/Users/sebastian/Library/TinyTeX/texmf-dist/tex/latex/koma-script/scrlfile.sty
Package: scrlfile 2023/07/07 v3.41 KOMA-Script package (file load hooks)
(/Users/sebastian/Library/TinyTeX/texmf-dist/tex/latex/koma-script/scrlfile-hook.sty
Package: scrlfile-hook 2023/07/07 v3.41 KOMA-Script package (using LaTeX hooks)
(/Users/sebastian/Library/TinyTeX/texmf-dist/tex/latex/koma-script/scrlogo.sty
Package: scrlogo 2023/07/07 v3.41 KOMA-Script package (logo)
))) (/Users/sebastian/Library/TinyTeX/texmf-dist/tex/latex/graphics/keyval.sty
Package: keyval 2022/05/29 v1.15 key=value parser (DPC)
\KV@toks@=\toks17
)
Applying: [2021/05/01] Usage of raw or classic option list on input line 252.
Already applied: [0000/00/00] Usage of raw or classic option list on input line 368.
)) (/Users/sebastian/Library/TinyTeX/texmf-dist/tex/latex/koma-script/tocbasic.sty
Package: tocbasic 2023/07/07 v3.41 KOMA-Script package (handling toc-files)
\scr@dte@tocline@numberwidth=\skip48
\scr@dte@tocline@numbox=\box51
)
Package tocbasic Info: omitting babel extension for `toc'
(tocbasic)             because of feature `nobabel' available
(tocbasic)             for `toc' on input line 133.
Class scrartcl Info: File `scrsize11pt.clo' used instead of
(scrartcl)           file `scrsize11.clo' to setup font sizes on input line 2441.
(/Users/sebastian/Library/TinyTeX/texmf-dist/tex/latex/koma-script/scrsize11pt.clo
File: scrsize11pt.clo 2023/07/07 v3.41 KOMA-Script font size class option (11pt)
) (/Users/sebastian/Library/TinyTeX/texmf-dist/tex/latex/koma-script/typearea.sty
Package: typearea 2023/07/07 v3.41 KOMA-Script package (type area)
\ta@bcor=\skip49
\ta@div=\count184
Package typearea Info: You've used standard option `letterpaper'.
(typearea)             This is correct!
(typearea)             Internally I'm using `paper=letter'.
(typearea)             If you'd like to set the option with \KOMAoptions,
(typearea)             you'd have to use `paper=letter' there
(typearea)             instead of `letterpaper', too.
\ta@hblk=\skip50
\ta@vblk=\skip51
\ta@temp=\skip52
\footheight=\skip53
Package typearea Info: These are the values describing the layout:
(typearea)             DIV  = 11
(typearea)             BCOR = 0.0pt
(typearea)             \paperwidth      = 614.295pt
(typearea)              \textwidth      = 446.76004pt
(typearea)              DIV departure   = -14%
(typearea)              \evensidemargin = 11.49748pt
(typearea)              \oddsidemargin  = 11.49748pt
(typearea)             \paperheight     = 794.96999pt
(typearea)              \textheight     = 582.20026pt
(typearea)              \topmargin      = -37.40001pt
(typearea)              \headheight     = 17.0pt
(typearea)              \headsep        = 20.40001pt
(typearea)              \topskip        = 11.0pt
(typearea)              \footskip       = 47.6pt
(typearea)              \baselineskip   = 13.6pt
(typearea)              on input line 1799.
)
\c@part=\count185
\c@section=\count186
\c@subsection=\count187
\c@subsubsection=\count188
\c@paragraph=\count189
\c@subparagraph=\count190
\scr@dte@section@maxnumwidth=\skip54
Class scrartcl Info: using compatibility default `runin=bysign'
(scrartcl)           for `\section on input line 5082.
Class scrartcl Info: using compatibility default `afterindent=bysign'
(scrartcl)           for `\section on input line 5082.
\scr@dte@part@maxnumwidth=\skip55
Class scrartcl Info: using compatibility default `afterindent=false'
(scrartcl)           for `\part on input line 5090.
\scr@dte@subsection@maxnumwidth=\skip56
Class scrartcl Info: using compatibility default `runin=bysign'
(scrartcl)           for `\subsection on input line 5100.
Class scrartcl Info: using compatibility default `afterindent=bysign'
(scrartcl)           for `\subsection on input line 5100.
\scr@dte@subsubsection@maxnumwidth=\skip57
Class scrartcl Info: using compatibility default `runin=bysign'
(scrartcl)           for `\subsubsection on input line 5110.
Class scrartcl Info: using compatibility default `afterindent=bysign'
(scrartcl)           for `\subsubsection on input line 5110.
\scr@dte@paragraph@maxnumwidth=\skip58
Class scrartcl Info: using compatibility default `runin=bysign'
(scrartcl)           for `\paragraph on input line 5121.
Class scrartcl Info: using compatibility default `afterindent=bysign'
(scrartcl)           for `\paragraph on input line 5121.
\scr@dte@subparagraph@maxnumwidth=\skip59
Class scrartcl Info: using compatibility default `runin=bysign'
(scrartcl)           for `\subparagraph on input line 5131.
Class scrartcl Info: using compatibility default `afterindent=bysign'
(scrartcl)           for `\subparagraph on input line 5131.
\abovecaptionskip=\skip60
\belowcaptionskip=\skip61
\c@pti@nb@sid@b@x=\box52
Package tocbasic Info: omitting babel extension for `lof'
(tocbasic)             because of feature `nobabel' available
(tocbasic)             for `lof' on input line 6309.
\scr@dte@figure@maxnumwidth=\skip62
\c@figure=\count191
Package tocbasic Info: omitting babel extension for `lot'
(tocbasic)             because of feature `nobabel' available
(tocbasic)             for `lot' on input line 6325.
\scr@dte@table@maxnumwidth=\skip63
\c@table=\count192
Class scrartcl Info: Redefining `\numberline' on input line 6495.
\bibindent=\dimen140
) (/Users/sebastian/Library/TinyTeX/texmf-dist/tex/latex/amsmath/amsmath.sty
Package: amsmath 2023/05/13 v2.17o AMS math features
\@mathmargin=\skip64
For additional information on amsmath, use the `?' option.
(/Users/sebastian/Library/TinyTeX/texmf-dist/tex/latex/amsmath/amstext.sty
Package: amstext 2021/08/26 v2.01 AMS text
(/Users/sebastian/Library/TinyTeX/texmf-dist/tex/latex/amsmath/amsgen.sty
File: amsgen.sty 1999/11/30 v2.0 generic functions
\@emptytoks=\toks18
\ex@=\dimen141
)) (/Users/sebastian/Library/TinyTeX/texmf-dist/tex/latex/amsmath/amsbsy.sty
Package: amsbsy 1999/11/29 v1.2d Bold Symbols
\pmbraise@=\dimen142
) (/Users/sebastian/Library/TinyTeX/texmf-dist/tex/latex/amsmath/amsopn.sty
Package: amsopn 2022/04/08 v2.04 operator names
)
\inf@bad=\count193
LaTeX Info: Redefining \frac on input line 234.
\uproot@=\count194
\leftroot@=\count195
LaTeX Info: Redefining \overline on input line 399.
LaTeX Info: Redefining \colon on input line 410.
\classnum@=\count196
\DOTSCASE@=\count197
LaTeX Info: Redefining \ldots on input line 496.
LaTeX Info: Redefining \dots on input line 499.
LaTeX Info: Redefining \cdots on input line 620.
\Mathstrutbox@=\box53
\strutbox@=\box54
LaTeX Info: Redefining \big on input line 722.
LaTeX Info: Redefining \Big on input line 723.
LaTeX Info: Redefining \bigg on input line 724.
LaTeX Info: Redefining \Bigg on input line 725.
\big@size=\dimen143
LaTeX Font Info:    Redeclaring font encoding OML on input line 743.
LaTeX Font Info:    Redeclaring font encoding OMS on input line 744.
\macc@depth=\count198
LaTeX Info: Redefining \bmod on input line 905.
LaTeX Info: Redefining \pmod on input line 910.
LaTeX Info: Redefining \smash on input line 940.
LaTeX Info: Redefining \relbar on input line 970.
LaTeX Info: Redefining \Relbar on input line 971.
\c@MaxMatrixCols=\count199
\dotsspace@=\muskip16
\c@parentequation=\count266
\dspbrk@lvl=\count267
\tag@help=\toks19
\row@=\count268
\column@=\count269
\maxfields@=\count270
\andhelp@=\toks20
\eqnshift@=\dimen144
\alignsep@=\dimen145
\tagshift@=\dimen146
\tagwidth@=\dimen147
\totwidth@=\dimen148
\lineht@=\dimen149
\@envbody=\toks21
\multlinegap=\skip65
\multlinetaggap=\skip66
\mathdisplay@stack=\toks22
LaTeX Info: Redefining \[ on input line 2953.
LaTeX Info: Redefining \] on input line 2954.
) (/Users/sebastian/Library/TinyTeX/texmf-dist/tex/latex/amsfonts/amssymb.sty
Package: amssymb 2013/01/14 v3.01 AMS font symbols
(/Users/sebastian/Library/TinyTeX/texmf-dist/tex/latex/amsfonts/amsfonts.sty
Package: amsfonts 2013/01/14 v3.01 Basic AMSFonts support
\symAMSa=\mathgroup4
\symAMSb=\mathgroup5
LaTeX Font Info:    Redeclaring math symbol \hbar on input line 98.
LaTeX Font Info:    Overwriting math alphabet `\mathfrak' in version `bold'
(Font)                  U/euf/m/n --> U/euf/b/n on input line 106.
)) (/Users/sebastian/Library/TinyTeX/texmf-dist/tex/generic/iftex/iftex.sty
Package: iftex 2022/02/03 v1.0f TeX engine tests
) (/Users/sebastian/Library/TinyTeX/texmf-dist/tex/latex/unicode-math/unicode-math.sty (/Users/sebastian/Library/TinyTeX/texmf-dist/tex/latex/l3kernel/expl3.sty
Package: expl3 2024-02-13 L3 programming layer (loader) 
(/Users/sebastian/Library/TinyTeX/texmf-dist/tex/latex/l3backend/l3backend-xetex.def
File: l3backend-xetex.def 2024-01-04 L3 backend support: XeTeX
\g__graphics_track_int=\count271
\l__pdf_internal_box=\box55
\g__pdf_backend_object_int=\count272
\g__pdf_backend_annotation_int=\count273
\g__pdf_backend_link_int=\count274
))
Package: unicode-math 2023/08/13 v0.8r Unicode maths in XeLaTeX and LuaLaTeX
(/Users/sebastian/Library/TinyTeX/texmf-dist/tex/latex/unicode-math/unicode-math-xetex.sty
Package: unicode-math-xetex 2023/08/13 v0.8r Unicode maths in XeLaTeX and LuaLaTeX
(/Users/sebastian/Library/TinyTeX/texmf-dist/tex/latex/l3packages/xparse/xparse.sty
Package: xparse 2024-02-13 L3 Experimental document command parser
) (/Users/sebastian/Library/TinyTeX/texmf-dist/tex/latex/l3packages/l3keys2e/l3keys2e.sty
Package: l3keys2e 2024-02-13 LaTeX2e option processing using LaTeX3 keys
) (/Users/sebastian/Library/TinyTeX/texmf-dist/tex/latex/fontspec/fontspec.sty
Package: fontspec 2024/02/13 v2.9a Font selection for XeLaTeX and LuaLaTeX
(/Users/sebastian/Library/TinyTeX/texmf-dist/tex/latex/fontspec/fontspec-xetex.sty
Package: fontspec-xetex 2024/02/13 v2.9a Font selection for XeLaTeX and LuaLaTeX
\l__fontspec_script_int=\count275
\l__fontspec_language_int=\count276
\l__fontspec_strnum_int=\count277
\l__fontspec_tmp_int=\count278
\l__fontspec_tmpa_int=\count279
\l__fontspec_tmpb_int=\count280
\l__fontspec_tmpc_int=\count281
\l__fontspec_em_int=\count282
\l__fontspec_emdef_int=\count283
\l__fontspec_strong_int=\count284
\l__fontspec_strongdef_int=\count285
\l__fontspec_tmpa_dim=\dimen150
\l__fontspec_tmpb_dim=\dimen151
\l__fontspec_tmpc_dim=\dimen152
(/Users/sebastian/Library/TinyTeX/texmf-dist/tex/latex/base/fontenc.sty
Package: fontenc 2021/04/29 v2.0v Standard LaTeX package
) (/Users/sebastian/Library/TinyTeX/texmf-dist/tex/latex/fontspec/fontspec.cfg))) (/Users/sebastian/Library/TinyTeX/texmf-dist/tex/latex/base/fix-cm.sty
Package: fix-cm 2020/11/24 v1.1t fixes to LaTeX
(/Users/sebastian/Library/TinyTeX/texmf-dist/tex/latex/base/ts1enc.def
File: ts1enc.def 2001/06/05 v3.0e (jk/car/fm) Standard LaTeX file
LaTeX Font Info:    Redeclaring font encoding TS1 on input line 47.
))
\g__um_fam_int=\count286
\g__um_fonts_used_int=\count287
\l__um_primecount_int=\count288
\g__um_primekern_muskip=\muskip17
(/Users/sebastian/Library/TinyTeX/texmf-dist/tex/latex/unicode-math/unicode-math-table.tex))) (/Users/sebastian/Library/TinyTeX/texmf-dist/tex/latex/lm/lmodern.sty
Package: lmodern 2015/05/01 v1.6.1 Latin Modern Fonts
LaTeX Font Info:    Overwriting symbol font `operators' in version `normal'
(Font)                  OT1/cmr/m/n --> OT1/lmr/m/n on input line 22.
LaTeX Font Info:    Overwriting symbol font `letters' in version `normal'
(Font)                  OML/cmm/m/it --> OML/lmm/m/it on input line 23.
LaTeX Font Info:    Overwriting symbol font `symbols' in version `normal'
(Font)                  OMS/cmsy/m/n --> OMS/lmsy/m/n on input line 24.
LaTeX Font Info:    Overwriting symbol font `largesymbols' in version `normal'
(Font)                  OMX/cmex/m/n --> OMX/lmex/m/n on input line 25.
LaTeX Font Info:    Overwriting symbol font `operators' in version `bold'
(Font)                  OT1/cmr/bx/n --> OT1/lmr/bx/n on input line 26.
LaTeX Font Info:    Overwriting symbol font `letters' in version `bold'
(Font)                  OML/cmm/b/it --> OML/lmm/b/it on input line 27.
LaTeX Font Info:    Overwriting symbol font `symbols' in version `bold'
(Font)                  OMS/cmsy/b/n --> OMS/lmsy/b/n on input line 28.
LaTeX Font Info:    Overwriting symbol font `largesymbols' in version `bold'
(Font)                  OMX/cmex/m/n --> OMX/lmex/m/n on input line 29.
LaTeX Font Info:    Overwriting math alphabet `\mathbf' in version `normal'
(Font)                  OT1/cmr/bx/n --> OT1/lmr/bx/n on input line 31.
LaTeX Font Info:    Overwriting math alphabet `\mathsf' in version `normal'
(Font)                  OT1/cmss/m/n --> OT1/lmss/m/n on input line 32.
LaTeX Font Info:    Overwriting math alphabet `\mathit' in version `normal'
(Font)                  OT1/cmr/m/it --> OT1/lmr/m/it on input line 33.
LaTeX Font Info:    Overwriting math alphabet `\mathtt' in version `normal'
(Font)                  OT1/cmtt/m/n --> OT1/lmtt/m/n on input line 34.
LaTeX Font Info:    Overwriting math alphabet `\mathbf' in version `bold'
(Font)                  OT1/cmr/bx/n --> OT1/lmr/bx/n on input line 35.
LaTeX Font Info:    Overwriting math alphabet `\mathsf' in version `bold'
(Font)                  OT1/cmss/bx/n --> OT1/lmss/bx/n on input line 36.
LaTeX Font Info:    Overwriting math alphabet `\mathit' in version `bold'
(Font)                  OT1/cmr/bx/it --> OT1/lmr/bx/it on input line 37.
LaTeX Font Info:    Overwriting math alphabet `\mathtt' in version `bold'
(Font)                  OT1/cmtt/m/n --> OT1/lmtt/m/n on input line 38.
) (/Users/sebastian/Library/TinyTeX/texmf-dist/tex/latex/xcolor/xcolor.sty
Package: xcolor 2023/11/15 v3.01 LaTeX color extensions (UK)
(/Users/sebastian/Library/TinyTeX/texmf-dist/tex/latex/graphics-cfg/color.cfg
File: color.cfg 2016/01/02 v1.6 sample color configuration
)
Package xcolor Info: Driver file: xetex.def on input line 274.
(/Users/sebastian/Library/TinyTeX/texmf-dist/tex/latex/graphics-def/xetex.def
File: xetex.def 2022/09/22 v5.0n Graphics/color driver for xetex
) (/Users/sebastian/Library/TinyTeX/texmf-dist/tex/latex/graphics/mathcolor.ltx)
Package xcolor Info: Model `cmy' substituted by `cmy0' on input line 1350.
Package xcolor Info: Model `RGB' extended on input line 1366.
Package xcolor Info: Model `HTML' substituted by `rgb' on input line 1368.
Package xcolor Info: Model `Hsb' substituted by `hsb' on input line 1369.
Package xcolor Info: Model `tHsb' substituted by `hsb' on input line 1370.
Package xcolor Info: Model `HSB' substituted by `hsb' on input line 1371.
Package xcolor Info: Model `Gray' substituted by `gray' on input line 1372.
Package xcolor Info: Model `wave' substituted by `hsb' on input line 1373.
) (/Users/sebastian/Library/TinyTeX/texmf-dist/tex/latex/graphics/dvipsnam.def
File: dvipsnam.def 2016/06/17 v3.0m Driver-dependent file (DPC,SPQR)
) (/Users/sebastian/Library/TinyTeX/texmf-dist/tex/latex/xcolor/svgnam.def
File: svgnam.def 2023/11/15 v3.01 Predefined colors according to SVG 1.1 (UK)
) (/Users/sebastian/Library/TinyTeX/texmf-dist/tex/latex/xcolor/x11nam.def
File: x11nam.def 2023/11/15 v3.01 Predefined colors according to Unix/X11 (UK)
) (/Users/sebastian/Library/TinyTeX/texmf-dist/tex/latex/fancyvrb/fancyvrb.sty
Package: fancyvrb 2024/01/20 4.5c verbatim text (tvz,hv)
\FV@CodeLineNo=\count289
\FV@InFile=\read2
\FV@TabBox=\box56
\c@FancyVerbLine=\count290
\FV@StepNumber=\count291
\FV@OutFile=\write3
) (/Users/sebastian/Library/TinyTeX/texmf-dist/tex/latex/framed/framed.sty
Package: framed 2011/10/22 v 0.96: framed or shaded text with page breaks
\OuterFrameSep=\skip67
\fb@frw=\dimen153
\fb@frh=\dimen154
\FrameRule=\dimen155
\FrameSep=\dimen156
) (/Users/sebastian/Library/TinyTeX/texmf-dist/tex/latex/tools/longtable.sty
Package: longtable 2023-11-01 v4.19 Multi-page Table package (DPC)
\LTleft=\skip68
\LTright=\skip69
\LTpre=\skip70
\LTpost=\skip71
\LTchunksize=\count292
\LTcapwidth=\dimen157
\LT@head=\box57
\LT@firsthead=\box58
\LT@foot=\box59
\LT@lastfoot=\box60
\LT@gbox=\box61
\LT@cols=\count293
\LT@rows=\count294
\c@LT@tables=\count295
\c@LT@chunks=\count296
\LT@p@ftn=\toks23
)
Class scrartcl Info: longtable captions redefined on input line 98.
(/Users/sebastian/Library/TinyTeX/texmf-dist/tex/latex/booktabs/booktabs.sty
Package: booktabs 2020/01/12 v1.61803398 Publication quality tables
\heavyrulewidth=\dimen158
\lightrulewidth=\dimen159
\cmidrulewidth=\dimen160
\belowrulesep=\dimen161
\belowbottomsep=\dimen162
\aboverulesep=\dimen163
\abovetopsep=\dimen164
\cmidrulesep=\dimen165
\cmidrulekern=\dimen166
\defaultaddspace=\dimen167
\@cmidla=\count297
\@cmidlb=\count298
\@aboverulesep=\dimen168
\@belowrulesep=\dimen169
\@thisruleclass=\count299
\@lastruleclass=\count300
\@thisrulewidth=\dimen170
) (/Users/sebastian/Library/TinyTeX/texmf-dist/tex/latex/tools/array.sty
Package: array 2023/10/16 v2.5g Tabular extension package (FMi)
\col@sep=\dimen171
\ar@mcellbox=\box62
\extrarowheight=\dimen172
\NC@list=\toks24
\extratabsurround=\skip72
\backup@length=\skip73
\ar@cellbox=\box63
) (/Users/sebastian/Library/TinyTeX/texmf-dist/tex/latex/tools/calc.sty
Package: calc 2023/07/08 v4.3 Infix arithmetic (KKT,FJ)
\calc@Acount=\count301
\calc@Bcount=\count302
\calc@Adimen=\dimen173
\calc@Bdimen=\dimen174
\calc@Askip=\skip74
\calc@Bskip=\skip75
LaTeX Info: Redefining \setlength on input line 80.
LaTeX Info: Redefining \addtolength on input line 81.
\calc@Ccount=\count303
\calc@Cskip=\skip76
) (/Users/sebastian/Library/TinyTeX/texmf-dist/tex/latex/etoolbox/etoolbox.sty
Package: etoolbox 2020/10/05 v2.5k e-TeX tools for LaTeX (JAW)
\etb@tempcnta=\count304
) (/Users/sebastian/Library/TinyTeX/texmf-dist/tex/latex/mdwtools/footnote.sty
Package: footnote 1997/01/28 1.13 Save footnotes around boxes
\fn@notes=\box64
\fn@width=\dimen175
) (/Users/sebastian/Library/TinyTeX/texmf-dist/tex/latex/graphics/graphicx.sty
Package: graphicx 2021/09/16 v1.2d Enhanced LaTeX Graphics (DPC,SPQR)
(/Users/sebastian/Library/TinyTeX/texmf-dist/tex/latex/graphics/graphics.sty
Package: graphics 2022/03/10 v1.4e Standard LaTeX Graphics (DPC,SPQR)
(/Users/sebastian/Library/TinyTeX/texmf-dist/tex/latex/graphics/trig.sty
Package: trig 2021/08/11 v1.11 sin cos tan (DPC)
) (/Users/sebastian/Library/TinyTeX/texmf-dist/tex/latex/graphics-cfg/graphics.cfg
File: graphics.cfg 2016/06/04 v1.11 sample graphics configuration
)
Package graphics Info: Driver file: xetex.def on input line 107.
)
\Gin@req@height=\dimen176
\Gin@req@width=\dimen177
) (/Users/sebastian/Library/TinyTeX/texmf-dist/tex/latex/caption/caption.sty
Package: caption 2023/08/05 v3.6o Customizing captions (AR)
(/Users/sebastian/Library/TinyTeX/texmf-dist/tex/latex/caption/caption3.sty
Package: caption3 2023/07/31 v2.4d caption3 kernel (AR)
\caption@tempdima=\dimen178
\captionmargin=\dimen179
\caption@leftmargin=\dimen180
\caption@rightmargin=\dimen181
\caption@width=\dimen182
\caption@indent=\dimen183
\caption@parindent=\dimen184
\caption@hangindent=\dimen185
Package caption Info: KOMA-Script document class detected.
(/Users/sebastian/Library/TinyTeX/texmf-dist/tex/latex/caption/caption-koma.sto
File: caption-koma.sto 2023/09/08 v2.0e Adaption of the caption package to the KOMA-Script document classes (AR)
))
\c@caption@flags=\count305
\c@continuedfloat=\count306
Package caption Info: longtable package is loaded.
(/Users/sebastian/Library/TinyTeX/texmf-dist/tex/latex/caption/ltcaption.sty
Package: ltcaption 2021/01/08 v1.4c longtable captions (AR)
)
Package caption Info: KOMA-Script scrextend package detected.
\caption@addmargin@hsize=\dimen186
\caption@addmargin@linewidth=\dimen187
) (/Users/sebastian/Library/TinyTeX/texmf-dist/tex/latex/float/float.sty
Package: float 2001/11/08 v1.3d Float enhancements (AL)
\c@float@type=\count307
\float@exts=\toks25
\float@box=\box65
\@float@everytoks=\toks26
\@floatcapt=\box66
)
\@float@every@codelisting=\toks27
\c@codelisting=\count308
(/Users/sebastian/Library/TinyTeX/texmf-dist/tex/latex/caption/subcaption.sty
Package: subcaption 2023/07/28 v1.6b Sub-captions (AR)
Package caption Info: New subtype `subfigure' on input line 238.
\c@subfigure=\count309
Package caption Info: New subtype `subtable' on input line 238.
\c@subtable=\count310
) (/Users/sebastian/Library/TinyTeX/texmf-dist/tex/latex/bookmark/bookmark.sty
Package: bookmark 2023-12-10 v1.31 PDF bookmarks (HO)
(/Users/sebastian/Library/TinyTeX/texmf-dist/tex/latex/hyperref/hyperref.sty
Package: hyperref 2024-01-20 v7.01h Hypertext links for LaTeX
(/Users/sebastian/Library/TinyTeX/texmf-dist/tex/latex/kvsetkeys/kvsetkeys.sty
Package: kvsetkeys 2022-10-05 v1.19 Key value parser (HO)
) (/Users/sebastian/Library/TinyTeX/texmf-dist/tex/generic/kvdefinekeys/kvdefinekeys.sty
Package: kvdefinekeys 2019-12-19 v1.6 Define keys (HO)
) (/Users/sebastian/Library/TinyTeX/texmf-dist/tex/generic/pdfescape/pdfescape.sty
Package: pdfescape 2019/12/09 v1.15 Implements pdfTeX's escape features (HO)
(/Users/sebastian/Library/TinyTeX/texmf-dist/tex/generic/ltxcmds/ltxcmds.sty
Package: ltxcmds 2023-12-04 v1.26 LaTeX kernel commands for general use (HO)
) (/Users/sebastian/Library/TinyTeX/texmf-dist/tex/generic/pdftexcmds/pdftexcmds.sty
Package: pdftexcmds 2020-06-27 v0.33 Utility functions of pdfTeX for LuaTeX (HO)
(/Users/sebastian/Library/TinyTeX/texmf-dist/tex/generic/infwarerr/infwarerr.sty
Package: infwarerr 2019/12/03 v1.5 Providing info/warning/error messages (HO)
)
Package pdftexcmds Info: \pdf@primitive is available.
Package pdftexcmds Info: \pdf@ifprimitive is available.
Package pdftexcmds Info: \pdfdraftmode not found.
)) (/Users/sebastian/Library/TinyTeX/texmf-dist/tex/latex/hycolor/hycolor.sty
Package: hycolor 2020-01-27 v1.10 Color options for hyperref/bookmark (HO)
) (/Users/sebastian/Library/TinyTeX/texmf-dist/tex/latex/auxhook/auxhook.sty
Package: auxhook 2019-12-17 v1.6 Hooks for auxiliary files (HO)
) (/Users/sebastian/Library/TinyTeX/texmf-dist/tex/latex/hyperref/nameref.sty
Package: nameref 2023-11-26 v2.56 Cross-referencing by name of section
(/Users/sebastian/Library/TinyTeX/texmf-dist/tex/latex/refcount/refcount.sty
Package: refcount 2019/12/15 v3.6 Data extraction from label references (HO)
) (/Users/sebastian/Library/TinyTeX/texmf-dist/tex/generic/gettitlestring/gettitlestring.sty
Package: gettitlestring 2019/12/15 v1.6 Cleanup title references (HO)
(/Users/sebastian/Library/TinyTeX/texmf-dist/tex/latex/kvoptions/kvoptions.sty
Package: kvoptions 2022-06-15 v3.15 Key value format for package options (HO)
))
\c@section@level=\count311
)
\@linkdim=\dimen188
\Hy@linkcounter=\count312
\Hy@pagecounter=\count313
(/Users/sebastian/Library/TinyTeX/texmf-dist/tex/latex/hyperref/pd1enc.def
File: pd1enc.def 2024-01-20 v7.01h Hyperref: PDFDocEncoding definition (HO)
) (/Users/sebastian/Library/TinyTeX/texmf-dist/tex/generic/intcalc/intcalc.sty
Package: intcalc 2019/12/15 v1.3 Expandable calculations with integers (HO)
)
\Hy@SavedSpaceFactor=\count314
(/Users/sebastian/Library/TinyTeX/texmf-dist/tex/latex/hyperref/puenc.def
File: puenc.def 2024-01-20 v7.01h Hyperref: PDF Unicode definition (HO)
)
Package hyperref Info: Option `unicode' set `true' on input line 4062.
Package hyperref Info: Hyper figures OFF on input line 4179.
Package hyperref Info: Link nesting OFF on input line 4184.
Package hyperref Info: Hyper index ON on input line 4187.
Package hyperref Info: Plain pages OFF on input line 4194.
Package hyperref Info: Backreferencing OFF on input line 4199.
Package hyperref Info: Implicit mode ON; LaTeX internals redefined.
Package hyperref Info: Bookmarks ON on input line 4446.
\c@Hy@tempcnt=\count315
(/Users/sebastian/Library/TinyTeX/texmf-dist/tex/latex/url/url.sty
\Urlmuskip=\muskip18
Package: url 2013/09/16  ver 3.4  Verb mode for urls, etc.
)
LaTeX Info: Redefining \url on input line 4784.
\XeTeXLinkMargin=\dimen189
(/Users/sebastian/Library/TinyTeX/texmf-dist/tex/generic/bitset/bitset.sty
Package: bitset 2019/12/09 v1.3 Handle bit-vector datatype (HO)
(/Users/sebastian/Library/TinyTeX/texmf-dist/tex/generic/bigintcalc/bigintcalc.sty
Package: bigintcalc 2019/12/15 v1.5 Expandable calculations on big integers (HO)
))
\Fld@menulength=\count316
\Field@Width=\dimen190
\Fld@charsize=\dimen191
Package hyperref Info: Hyper figures OFF on input line 6063.
Package hyperref Info: Link nesting OFF on input line 6068.
Package hyperref Info: Hyper index ON on input line 6071.
Package hyperref Info: backreferencing OFF on input line 6078.
Package hyperref Info: Link coloring OFF on input line 6083.
Package hyperref Info: Link coloring with OCG OFF on input line 6088.
Package hyperref Info: PDF/A mode OFF on input line 6093.
(/Users/sebastian/Library/TinyTeX/texmf-dist/tex/latex/base/atbegshi-ltx.sty
Package: atbegshi-ltx 2021/01/10 v1.0c Emulation of the original atbegshi
package with kernel methods
)
\Hy@abspage=\count317
\c@Item=\count318
\c@Hfootnote=\count319
)
Package hyperref Info: Driver (autodetected): hxetex.
(/Users/sebastian/Library/TinyTeX/texmf-dist/tex/latex/hyperref/hxetex.def
File: hxetex.def 2024-01-20 v7.01h Hyperref driver for XeTeX
(/Users/sebastian/Library/TinyTeX/texmf-dist/tex/generic/stringenc/stringenc.sty
Package: stringenc 2019/11/29 v1.12 Convert strings between diff. encodings (HO)
)
\pdfm@box=\box67
\c@Hy@AnnotLevel=\count320
\HyField@AnnotCount=\count321
\Fld@listcount=\count322
\c@bookmark@seq@number=\count323
(/Users/sebastian/Library/TinyTeX/texmf-dist/tex/latex/rerunfilecheck/rerunfilecheck.sty
Package: rerunfilecheck 2022-07-10 v1.10 Rerun checks for auxiliary files (HO)
(/Users/sebastian/Library/TinyTeX/texmf-dist/tex/latex/base/atveryend-ltx.sty
Package: atveryend-ltx 2020/08/19 v1.0a Emulation of the original atveryend package
with kernel methods
) (/Users/sebastian/Library/TinyTeX/texmf-dist/tex/generic/uniquecounter/uniquecounter.sty
Package: uniquecounter 2019/12/15 v1.4 Provide unlimited unique counter (HO)
)
Package uniquecounter Info: New unique counter `rerunfilecheck' on input line 285.
)
\Hy@SectionHShift=\skip77
) (/Users/sebastian/Library/TinyTeX/texmf-dist/tex/latex/bookmark/bkm-dvipdfm.def
File: bkm-dvipdfm.def 2023-12-10 v1.31 bookmark driver for dvipdfm (HO)
\BKM@id=\count324
))
Package hyperref Info: Option `colorlinks' set `true' on input line 177.
(./arka_analysis.aux)
\openout1 = `arka_analysis.aux'.

LaTeX Font Info:    Checking defaults for OML/cmm/m/it on input line 183.
LaTeX Font Info:    ... okay on input line 183.
LaTeX Font Info:    Checking defaults for OMS/cmsy/m/n on input line 183.
LaTeX Font Info:    ... okay on input line 183.
LaTeX Font Info:    Checking defaults for OT1/cmr/m/n on input line 183.
LaTeX Font Info:    ... okay on input line 183.
LaTeX Font Info:    Checking defaults for T1/cmr/m/n on input line 183.
LaTeX Font Info:    ... okay on input line 183.
LaTeX Font Info:    Checking defaults for TS1/cmr/m/n on input line 183.
LaTeX Font Info:    ... okay on input line 183.
LaTeX Font Info:    Checking defaults for TU/lmr/m/n on input line 183.
LaTeX Font Info:    ... okay on input line 183.
LaTeX Font Info:    Checking defaults for OMX/cmex/m/n on input line 183.
LaTeX Font Info:    ... okay on input line 183.
LaTeX Font Info:    Checking defaults for U/cmr/m/n on input line 183.
LaTeX Font Info:    ... okay on input line 183.
LaTeX Font Info:    Checking defaults for PD1/pdf/m/n on input line 183.
LaTeX Font Info:    ... okay on input line 183.
LaTeX Font Info:    Checking defaults for PU/pdf/m/n on input line 183.
LaTeX Font Info:    ... okay on input line 183.
Package scrbase Info: activating english \abstractname on input line 183.
Package scrbase Info: activating english \partname on input line 183.
Package scrbase Info: activating english \figurename on input line 183.
Package scrbase Info: activating english \tablename on input line 183.
Package scrbase Info: activating english \contentsname on input line 183.
Package scrbase Info: activating english \listfigurename on input line 183.
Package scrbase Info: activating english \listtablename on input line 183.
Package scrbase Info: activating english \refname on input line 183.
Package scrbase Info: activating english \indexname on input line 183.
LaTeX Font Info:    Overwriting math alphabet `\mathrm' in version `normal'
(Font)                  OT1/lmr/m/n --> TU/lmr/m/n on input line 183.
LaTeX Font Info:    Overwriting math alphabet `\mathit' in version `normal'
(Font)                  OT1/lmr/m/it --> TU/lmr/m/it on input line 183.
LaTeX Font Info:    Overwriting math alphabet `\mathbf' in version `normal'
(Font)                  OT1/lmr/bx/n --> TU/lmr/bx/n on input line 183.
LaTeX Font Info:    Overwriting math alphabet `\mathsf' in version `normal'
(Font)                  OT1/lmss/m/n --> TU/lmss/m/n on input line 183.
LaTeX Font Info:    Overwriting math alphabet `\mathsf' in version `bold'
(Font)                  OT1/lmss/bx/n --> TU/lmss/bx/n on input line 183.
LaTeX Font Info:    Overwriting math alphabet `\mathtt' in version `normal'
(Font)                  OT1/lmtt/m/n --> TU/lmtt/m/n on input line 183.
LaTeX Font Info:    Overwriting math alphabet `\mathtt' in version `bold'
(Font)                  OT1/lmtt/m/n --> TU/lmtt/bx/n on input line 183.

Package fontspec Info: latinmodern-math scale = 0.9999967668407183.


Package fontspec Info: latinmodern-math scale = 0.9999967668407183.


Package fontspec Info: latinmodern-math scale = 0.9999967668407183.


Package fontspec Info: Font family 'latinmodern-math.otf(0)' created for font
(fontspec)             'latinmodern-math.otf' with options
(fontspec)             [Scale=MatchLowercase,BoldItalicFont={},ItalicFont={},SmallCapsFont={},Script=Math,BoldFont={latinmodern-math.otf}].
(fontspec)              
(fontspec)              This font family consists of the following NFSS
(fontspec)             series/shapes:
(fontspec)              
(fontspec)             - 'normal' (m/n) with NFSS spec.:
(fontspec)             <->s*[0.9999967668407183]"[latinmodern-math.otf]/OT:script=math;language=dflt;"
(fontspec)             - 'small caps'  (m/sc) with NFSS spec.: 
(fontspec)             - 'bold' (b/n) with NFSS spec.:
(fontspec)             <->s*[0.9999967668407183]"[latinmodern-math.otf]/OT:script=math;language=dflt;"
(fontspec)             - 'bold small caps'  (b/sc) with NFSS spec.: 

LaTeX Font Info:    Font shape `TU/latinmodern-math.otf(0)/m/n' will be
(Font)              scaled to size 10.95pt on input line 183.

Package fontspec Info: latinmodern-math scale = 0.9999967668407183.


Package fontspec Info: latinmodern-math scale = 0.9999967668407183.


Package fontspec Info: latinmodern-math scale = 0.9999967668407183.


Package fontspec Info: latinmodern-math scale = 0.9999967668407183.


Package fontspec Info: latinmodern-math scale = 0.9999967668407183.


Package fontspec Info: Font family 'latinmodern-math.otf(1)' created for font
(fontspec)             'latinmodern-math.otf' with options
(fontspec)             [Scale=MatchLowercase,BoldItalicFont={},ItalicFont={},SmallCapsFont={},Script=Math,SizeFeatures={{Size=9.3075-},{Size=6.57-9.3075,Font=latinmodern-math.otf,Style=MathScript},{Size=-6.57,Font=latinmodern-math.otf,Style=MathScriptScript}},BoldFont={latinmodern-math.otf}].
(fontspec)              
(fontspec)              This font family consists of the following NFSS
(fontspec)             series/shapes:
(fontspec)              
(fontspec)             - 'normal' (m/n) with NFSS spec.:
(fontspec)             <9.3075->s*[0.9999967668407183]"[latinmodern-math.otf]/OT:script=math;language=dflt;"<6.57-9.3075>s*[0.9999967668407183]"[latinmodern-math.otf]/OT:script=math;language=dflt;+ssty=0;"<-6.57>s*[0.9999967668407183]"[latinmodern-math.otf]/OT:script=math;language=dflt;+ssty=1;"
(fontspec)             - 'small caps'  (m/sc) with NFSS spec.: 
(fontspec)             - 'bold' (b/n) with NFSS spec.:
(fontspec)             <->s*[0.9999967668407183]"[latinmodern-math.otf]/OT:script=math;language=dflt;"
(fontspec)             - 'bold small caps'  (b/sc) with NFSS spec.: 

LaTeX Font Info:    Font shape `TU/latinmodern-math.otf(1)/m/n' will be
(Font)              scaled to size 10.95pt on input line 183.
LaTeX Font Info:    Encoding `OT1' has changed to `TU' for symbol font
(Font)              `operators' in the math version `normal' on input line 183.
LaTeX Font Info:    Overwriting symbol font `operators' in version `normal'
(Font)                  OT1/lmr/m/n --> TU/latinmodern-math.otf(1)/m/n on input line 183.
LaTeX Font Info:    Encoding `OT1' has changed to `TU' for symbol font
(Font)              `operators' in the math version `bold' on input line 183.
LaTeX Font Info:    Overwriting symbol font `operators' in version `bold'
(Font)                  OT1/lmr/bx/n --> TU/latinmodern-math.otf(1)/b/n on input line 183.

Package fontspec Info: latinmodern-math scale = 0.9999967668407183.


Package fontspec Info: latinmodern-math scale = 1.000096766517402.


Package fontspec Info: latinmodern-math scale = 0.9999967668407183.


Package fontspec Info: latinmodern-math scale = 1.000096766517402.


Package fontspec Info: latinmodern-math scale = 0.9999967668407183.


Package fontspec Info: latinmodern-math scale = 1.000096766517402.


Package fontspec Info: latinmodern-math scale = 0.9999967668407183.


Package fontspec Info: latinmodern-math scale = 1.000096766517402.


Package fontspec Info: latinmodern-math scale = 0.9999967668407183.


Package fontspec Info: latinmodern-math scale = 1.000096766517402.


Package fontspec Info: Font family 'latinmodern-math.otf(2)' created for font
(fontspec)             'latinmodern-math.otf' with options
(fontspec)             [Scale=MatchLowercase,BoldItalicFont={},ItalicFont={},SmallCapsFont={},Script=Math,SizeFeatures={{Size=9.3075-},{Size=6.57-9.3075,Font=latinmodern-math.otf,Style=MathScript},{Size=-6.57,Font=latinmodern-math.otf,Style=MathScriptScript}},BoldFont={latinmodern-math.otf},ScaleAgain=1.0001,FontAdjustment={\fontdimen
(fontspec)             8\font =7.41315pt\relax \fontdimen 9\font
(fontspec)             =4.3143pt\relax \fontdimen 10\font =4.8618pt\relax
(fontspec)             \fontdimen 11\font =7.5117pt\relax \fontdimen 12\font
(fontspec)             =3.77776pt\relax \fontdimen 13\font =3.97485pt\relax
(fontspec)             \fontdimen 14\font =3.97485pt\relax \fontdimen 15\font
(fontspec)             =3.16455pt\relax \fontdimen 16\font =2.70465pt\relax
(fontspec)             \fontdimen 17\font =2.70465pt\relax \fontdimen 18\font
(fontspec)             =2.7375pt\relax \fontdimen 19\font =2.19pt\relax
(fontspec)             \fontdimen 22\font =2.7375pt\relax \fontdimen 20\font
(fontspec)             =0pt\relax \fontdimen 21\font =0pt\relax }].
(fontspec)              
(fontspec)              This font family consists of the following NFSS
(fontspec)             series/shapes:
(fontspec)              
(fontspec)             - 'normal' (m/n) with NFSS spec.:
(fontspec)             <9.3075->s*[1.000096766517402]"[latinmodern-math.otf]/OT:script=math;language=dflt;"<6.57-9.3075>s*[1.000096766517402]"[latinmodern-math.otf]/OT:script=math;language=dflt;+ssty=0;"<-6.57>s*[1.000096766517402]"[latinmodern-math.otf]/OT:script=math;language=dflt;+ssty=1;"
(fontspec)             - 'small caps'  (m/sc) with NFSS spec.: 
(fontspec)             and font adjustment code:
(fontspec)             \fontdimen 8\font =7.41315pt\relax \fontdimen 9\font
(fontspec)             =4.3143pt\relax \fontdimen 10\font =4.8618pt\relax
(fontspec)             \fontdimen 11\font =7.5117pt\relax \fontdimen 12\font
(fontspec)             =3.77776pt\relax \fontdimen 13\font =3.97485pt\relax
(fontspec)             \fontdimen 14\font =3.97485pt\relax \fontdimen 15\font
(fontspec)             =3.16455pt\relax \fontdimen 16\font =2.70465pt\relax
(fontspec)             \fontdimen 17\font =2.70465pt\relax \fontdimen 18\font
(fontspec)             =2.7375pt\relax \fontdimen 19\font =2.19pt\relax
(fontspec)             \fontdimen 22\font =2.7375pt\relax \fontdimen 20\font
(fontspec)             =0pt\relax \fontdimen 21\font =0pt\relax 
(fontspec)             - 'bold' (b/n) with NFSS spec.:
(fontspec)             <->s*[1.000096766517402]"[latinmodern-math.otf]/OT:script=math;language=dflt;"
(fontspec)             - 'bold small caps'  (b/sc) with NFSS spec.: 
(fontspec)             and font adjustment code:
(fontspec)             \fontdimen 8\font =7.41315pt\relax \fontdimen 9\font
(fontspec)             =4.3143pt\relax \fontdimen 10\font =4.8618pt\relax
(fontspec)             \fontdimen 11\font =7.5117pt\relax \fontdimen 12\font
(fontspec)             =3.77776pt\relax \fontdimen 13\font =3.97485pt\relax
(fontspec)             \fontdimen 14\font =3.97485pt\relax \fontdimen 15\font
(fontspec)             =3.16455pt\relax \fontdimen 16\font =2.70465pt\relax
(fontspec)             \fontdimen 17\font =2.70465pt\relax \fontdimen 18\font
(fontspec)             =2.7375pt\relax \fontdimen 19\font =2.19pt\relax
(fontspec)             \fontdimen 22\font =2.7375pt\relax \fontdimen 20\font
(fontspec)             =0pt\relax \fontdimen 21\font =0pt\relax 

LaTeX Font Info:    Encoding `OMS' has changed to `TU' for symbol font
(Font)              `symbols' in the math version `normal' on input line 183.
LaTeX Font Info:    Overwriting symbol font `symbols' in version `normal'
(Font)                  OMS/lmsy/m/n --> TU/latinmodern-math.otf(2)/m/n on input line 183.
LaTeX Font Info:    Encoding `OMS' has changed to `TU' for symbol font
(Font)              `symbols' in the math version `bold' on input line 183.
LaTeX Font Info:    Overwriting symbol font `symbols' in version `bold'
(Font)                  OMS/lmsy/b/n --> TU/latinmodern-math.otf(2)/b/n on input line 183.

Package fontspec Info: latinmodern-math scale = 0.9999967668407183.


Package fontspec Info: latinmodern-math scale = 0.9998967671640342.


Package fontspec Info: latinmodern-math scale = 0.9999967668407183.


Package fontspec Info: latinmodern-math scale = 0.9998967671640342.


Package fontspec Info: latinmodern-math scale = 0.9999967668407183.


Package fontspec Info: latinmodern-math scale = 0.9998967671640342.


Package fontspec Info: latinmodern-math scale = 0.9999967668407183.


Package fontspec Info: latinmodern-math scale = 0.9998967671640342.


Package fontspec Info: latinmodern-math scale = 0.9999967668407183.


Package fontspec Info: latinmodern-math scale = 0.9998967671640342.


Package fontspec Info: Font family 'latinmodern-math.otf(3)' created for font
(fontspec)             'latinmodern-math.otf' with options
(fontspec)             [Scale=MatchLowercase,BoldItalicFont={},ItalicFont={},SmallCapsFont={},Script=Math,SizeFeatures={{Size=9.3075-},{Size=6.57-9.3075,Font=latinmodern-math.otf,Style=MathScript},{Size=-6.57,Font=latinmodern-math.otf,Style=MathScriptScript}},BoldFont={latinmodern-math.otf},ScaleAgain=0.9999,FontAdjustment={\fontdimen
(fontspec)             8\font =0.438pt\relax \fontdimen 9\font =2.19pt\relax
(fontspec)             \fontdimen 10\font =1.82864pt\relax \fontdimen 11\font
(fontspec)             =1.21545pt\relax \fontdimen 12\font =6.56999pt\relax
(fontspec)             \fontdimen 13\font =0pt\relax }].
(fontspec)              
(fontspec)              This font family consists of the following NFSS
(fontspec)             series/shapes:
(fontspec)              
(fontspec)             - 'normal' (m/n) with NFSS spec.:
(fontspec)             <9.3075->s*[0.9998967671640342]"[latinmodern-math.otf]/OT:script=math;language=dflt;"<6.57-9.3075>s*[0.9998967671640342]"[latinmodern-math.otf]/OT:script=math;language=dflt;+ssty=0;"<-6.57>s*[0.9998967671640342]"[latinmodern-math.otf]/OT:script=math;language=dflt;+ssty=1;"
(fontspec)             - 'small caps'  (m/sc) with NFSS spec.: 
(fontspec)             and font adjustment code:
(fontspec)             \fontdimen 8\font =0.438pt\relax \fontdimen 9\font
(fontspec)             =2.19pt\relax \fontdimen 10\font =1.82864pt\relax
(fontspec)             \fontdimen 11\font =1.21545pt\relax \fontdimen 12\font
(fontspec)             =6.56999pt\relax \fontdimen 13\font =0pt\relax 
(fontspec)             - 'bold' (b/n) with NFSS spec.:
(fontspec)             <->s*[0.9998967671640342]"[latinmodern-math.otf]/OT:script=math;language=dflt;"
(fontspec)             - 'bold small caps'  (b/sc) with NFSS spec.: 
(fontspec)             and font adjustment code:
(fontspec)             \fontdimen 8\font =0.438pt\relax \fontdimen 9\font
(fontspec)             =2.19pt\relax \fontdimen 10\font =1.82864pt\relax
(fontspec)             \fontdimen 11\font =1.21545pt\relax \fontdimen 12\font
(fontspec)             =6.56999pt\relax \fontdimen 13\font =0pt\relax 

LaTeX Font Info:    Encoding `OMX' has changed to `TU' for symbol font
(Font)              `largesymbols' in the math version `normal' on input line 183.
LaTeX Font Info:    Overwriting symbol font `largesymbols' in version `normal'
(Font)                  OMX/lmex/m/n --> TU/latinmodern-math.otf(3)/m/n on input line 183.
LaTeX Font Info:    Encoding `OMX' has changed to `TU' for symbol font
(Font)              `largesymbols' in the math version `bold' on input line 183.
LaTeX Font Info:    Overwriting symbol font `largesymbols' in version `bold'
(Font)                  OMX/lmex/m/n --> TU/latinmodern-math.otf(3)/b/n on input line 183.
Package caption Info: Begin \AtBeginDocument code.
Package caption Info: float package is loaded.
Package caption Info: hyperref package is loaded.
Package caption Info: End \AtBeginDocument code.
Package hyperref Info: Link coloring ON on input line 183.
LaTeX Font Info:    Font shape `TU/latinmodern-math.otf(1)/m/n' will be
(Font)              scaled to size 14.4pt on input line 185.
LaTeX Font Info:    Font shape `TU/latinmodern-math.otf(1)/m/n' will be
(Font)              scaled to size 10.0pt on input line 185.
LaTeX Font Info:    Font shape `TU/latinmodern-math.otf(1)/m/n' will be
(Font)              scaled to size 7.0pt on input line 185.
LaTeX Font Info:    Trying to load font information for OML+lmm on input line 185.
(/Users/sebastian/Library/TinyTeX/texmf-dist/tex/latex/lm/omllmm.fd
File: omllmm.fd 2015/05/01 v1.6.1 Font defs for Latin Modern
)
LaTeX Font Info:    Font shape `TU/latinmodern-math.otf(2)/m/n' will be
(Font)              scaled to size 14.4013pt on input line 185.
LaTeX Font Info:    Font shape `TU/latinmodern-math.otf(2)/m/n' will be
(Font)              scaled to size 10.00092pt on input line 185.
LaTeX Font Info:    Font shape `TU/latinmodern-math.otf(2)/m/n' will be
(Font)              scaled to size 7.00064pt on input line 185.
LaTeX Font Info:    Font shape `TU/latinmodern-math.otf(3)/m/n' will be
(Font)              scaled to size 14.39845pt on input line 185.
LaTeX Font Info:    Font shape `TU/latinmodern-math.otf(3)/m/n' will be
(Font)              scaled to size 9.99893pt on input line 185.
LaTeX Font Info:    Font shape `TU/latinmodern-math.otf(3)/m/n' will be
(Font)              scaled to size 6.99925pt on input line 185.
LaTeX Font Info:    Trying to load font information for U+msa on input line 185.
(/Users/sebastian/Library/TinyTeX/texmf-dist/tex/latex/amsfonts/umsa.fd
File: umsa.fd 2013/01/14 v3.01 AMS symbols A
)
LaTeX Font Info:    Trying to load font information for U+msb on input line 185.
(/Users/sebastian/Library/TinyTeX/texmf-dist/tex/latex/amsfonts/umsb.fd
File: umsb.fd 2013/01/14 v3.01 AMS symbols B
)
Overfull \hbox (375.31099pt too wide) in paragraph at lines 241--241
[]  \TU/lmtt/m/n/10.95 `/Users/sebastian/Documents/School/STAT 489 - Structured Research Experience/Spatiotemporal_Analysis_of_Diabetes_Incidence/Data/shapes/texas'[] 
 []

[1


]
Overfull \hbox (7.39111pt too wide) in paragraph at lines 295--295
[] \TU/lmtt/m/n/10.95 [26] "Pct_AO1"      "AutoOwn2p"    "Pct_AO2p"     "Workers"      "R_LowWageWk"[] 
 []


Overfull \hbox (1.64236pt too wide) in paragraph at lines 295--295
[] \TU/lmtt/m/n/10.95 [46] "E8_Hlth"      "E8_Pub"       "E_LowWageWk"  "E_MedWageWk"  "E_HiWageWk"[] 
 []


Overfull \hbox (1.64236pt too wide) in paragraph at lines 295--295
[] \TU/lmtt/m/n/10.95 [76] "D2C_TRPMX1"   "D2C_TRPMX2"   "D2C_TRIPEQ"   "D2R_JOBPOP"   "D2R_WRKEMP"[] 
 []


Overfull \hbox (1.64236pt too wide) in paragraph at lines 295--295
[]\TU/lmtt/m/n/10.95 [111] "D2A_Ranked"   "D2B_Ranked"   "D3B_Ranked"   "D4A_Ranked"   "NatWalkInd"[] 
 []

[2]
File: arka_analysis_files/figure-pdf/unnamed-chunk-5-1.pdf Graphic file (type pdf)
<use arka_analysis_files/figure-pdf/unnamed-chunk-5-1.pdf>
[3]
Overfull \hbox (358.06474pt too wide) in paragraph at lines 359--359
[]  \TU/lmtt/m/n/10.95 `/Users/sebastian/Documents/School/STAT 489 - Structured Research Experience/Spatiotemporal_Analysis_of_Diabetes_Incidence/Data/shapes/ny'[] 
 []

[4]
File: arka_analysis_files/figure-pdf/unnamed-chunk-6-1.pdf Graphic file (type pdf)
<use arka_analysis_files/figure-pdf/unnamed-chunk-6-1.pdf>

Overfull \hbox (7.39111pt too wide) in paragraph at lines 5235--5235
[]    \TU/lmtt/m/n/10.95 [1] 33.94397113 34.61275559 61.15939450 33.34191719 32.59860271 38.00047394[] 
 []


Overfull \hbox (7.39111pt too wide) in paragraph at lines 5235--5235
[]    \TU/lmtt/m/n/10.95 [7] 34.16227320 38.67504943 33.92443141 34.54643839 33.93671531 38.77964488[] 
 []


Overfull \hbox (7.39111pt too wide) in paragraph at lines 5235--5235
[]   \TU/lmtt/m/n/10.95 [13] 37.75591366 37.30039632 41.10491450 39.74127482 26.55753852 26.00730737[] 
 []


Overfull \hbox (7.39111pt too wide) in paragraph at lines 5235--5235
[]   \TU/lmtt/m/n/10.95 [19] 28.12739148 26.23461323 37.36461975 34.94232925 34.22163059 37.60283908[] 
 []


Overfull \hbox (7.39111pt too wide) in paragraph at lines 5235--5235
[]   \TU/lmtt/m/n/10.95 [25] 38.35972351 34.03780877 40.56803762 39.86265751 40.39942853 41.57413495[] 
 []


Overfull \hbox (7.39111pt too wide) in paragraph at lines 5235--5235
[]   \TU/lmtt/m/n/10.95 [31] 42.42742662 38.87329677 30.21205828 42.31557968 42.37581881 45.11120339[] 
 []

[5]
Overfull \hbox (7.39111pt too wide) in paragraph at lines 5235--5235
[]   \TU/lmtt/m/n/10.95 [37] 30.42737701 42.98169124 42.74915545 40.71579362 40.69496069 43.17505690[] 
 []


Overfull \hbox (7.39111pt too wide) in paragraph at lines 5235--5235
[]   \TU/lmtt/m/n/10.95 [43] 43.15636907 43.04405336 40.94650256 35.57082514 35.20787220 35.04862531[] 
 []


Overfull \hbox (7.39111pt too wide) in paragraph at lines 5235--5235
[]   \TU/lmtt/m/n/10.95 [49] 35.38937960 35.06850641 35.76684937 34.21027586 46.86524578 41.48092004[] 
 []


Overfull \hbox (7.39111pt too wide) in paragraph at lines 5235--5235
[]   \TU/lmtt/m/n/10.95 [55] 40.12517076 36.06818387 34.63465274 36.12842134 45.49959634 44.95973644[] 
 []


Overfull \hbox (7.39111pt too wide) in paragraph at lines 5235--5235
[]   \TU/lmtt/m/n/10.95 [61] 40.62664026 42.10072862 41.68788379 34.09007611 36.00491292 35.13709958[] 
 []


Overfull \hbox (7.39111pt too wide) in paragraph at lines 5235--5235
[]   \TU/lmtt/m/n/10.95 [67] 30.29567452 30.44251831 30.08304693 32.71307113 32.80222146 32.64521494[] 
 []


Overfull \hbox (7.39111pt too wide) in paragraph at lines 5235--5235
[]   \TU/lmtt/m/n/10.95 [73] 32.72073080 32.61544075 32.91263839 32.97455527 38.82356650 36.85643333[] 
 []


Overfull \hbox (7.39111pt too wide) in paragraph at lines 5235--5235
[]   \TU/lmtt/m/n/10.95 [79] 37.07683141 37.10970632 36.90743319 36.77043400 34.68979727 47.26884059[] 
 []


Overfull \hbox (7.39111pt too wide) in paragraph at lines 5235--5235
[]   \TU/lmtt/m/n/10.95 [85] 46.61493634 44.48758704 33.35737605 42.99135131 43.00933322 33.55415741[] 
 []


Overfull \hbox (7.39111pt too wide) in paragraph at lines 5235--5235
[]   \TU/lmtt/m/n/10.95 [91] 33.61594364 33.21195065 30.67797658 33.40451614 33.22758950 34.67865999[] 
 []


Overfull \hbox (7.39111pt too wide) in paragraph at lines 5235--5235
[]   \TU/lmtt/m/n/10.95 [97] 33.40371710 33.58592342 33.26539088 33.37217154 61.21770919 30.69503233[] 
 []


Overfull \hbox (7.39111pt too wide) in paragraph at lines 5235--5235
[]  \TU/lmtt/m/n/10.95 [103] 32.31045491 30.60325006 32.37183841 33.34280297 33.49532460 33.34314920[] 
 []


Overfull \hbox (7.39111pt too wide) in paragraph at lines 5235--5235
[]  \TU/lmtt/m/n/10.95 [109] 33.42586612 33.32820506 33.19266928 33.41303569 30.71425401 32.35873301[] 
 []


Overfull \hbox (7.39111pt too wide) in paragraph at lines 5235--5235
[]  \TU/lmtt/m/n/10.95 [115] 33.42549374 30.65477527 61.23468983 33.32786245 32.41695213 30.63090434[] 
 []


Overfull \hbox (7.39111pt too wide) in paragraph at lines 5235--5235
[]  \TU/lmtt/m/n/10.95 [121] 33.59194861 30.72124742 33.49715956 33.59716231 33.52607483 33.56324496[] 
 []


Overfull \hbox (7.39111pt too wide) in paragraph at lines 5235--5235
[]  \TU/lmtt/m/n/10.95 [127] 33.24475766 33.31331089 33.29903899 33.35063232 33.40738920 33.52916049[] 
 []


Overfull \hbox (7.39111pt too wide) in paragraph at lines 5235--5235
[]  \TU/lmtt/m/n/10.95 [133] 33.33188298 30.66909227 33.14481133 33.34238118 32.32839753 33.25421502[] 
 []


Overfull \hbox (7.39111pt too wide) in paragraph at lines 5235--5235
[]  \TU/lmtt/m/n/10.95 [139] 30.67662003 30.68636911 34.69896927 33.34838995 33.42446588 34.71784062[] 
 []


Overfull \hbox (7.39111pt too wide) in paragraph at lines 5235--5235
[]  \TU/lmtt/m/n/10.95 [145] 33.37360789 61.18333980 30.70067676 32.35106217 61.12144732 30.78906220[] 
 []


Overfull \hbox (7.39111pt too wide) in paragraph at lines 5235--5235
[]  \TU/lmtt/m/n/10.95 [151] 33.29872405 33.49776277 34.60841231 61.18801880 33.62525752 33.26943299[] 
 []


Overfull \hbox (7.39111pt too wide) in paragraph at lines 5235--5235
[]  \TU/lmtt/m/n/10.95 [157] 33.46986914 33.44248885 34.76723497 33.61181177 30.69148010 33.52787677[] 
 []


Overfull \hbox (7.39111pt too wide) in paragraph at lines 5235--5235
[]  \TU/lmtt/m/n/10.95 [163] 33.37676027 30.70524980 32.33568952 34.69896927 33.21195628 32.30424732[] 
 []


Overfull \hbox (7.39111pt too wide) in paragraph at lines 5235--5235
[]  \TU/lmtt/m/n/10.95 [169] 32.34726453 32.37943082 34.74500239 33.24010149 33.23360840 33.39237929[] 
 []


Overfull \hbox (7.39111pt too wide) in paragraph at lines 5235--5235
[]  \TU/lmtt/m/n/10.95 [175] 34.77912474 30.68459960 33.29809866 33.31528903 34.70977660 33.25469258[] 
 []


Overfull \hbox (7.39111pt too wide) in paragraph at lines 5235--5235
[]  \TU/lmtt/m/n/10.95 [181] 61.10456585 33.47906233 32.35516192 61.34021158 33.43458050 33.17634956[] 
 []


Overfull \hbox (7.39111pt too wide) in paragraph at lines 5235--5235
[]  \TU/lmtt/m/n/10.95 [187] 61.16200915 33.28758763 30.71213642 33.31335507 34.71653761 33.46578621[] 
 []


Overfull \hbox (7.39111pt too wide) in paragraph at lines 5235--5235
[]  \TU/lmtt/m/n/10.95 [193] 34.76793016 33.22623008 30.66819805 33.55320510 33.51409785 33.34632306[] 
 []


Overfull \hbox (7.39111pt too wide) in paragraph at lines 5235--5235
[]  \TU/lmtt/m/n/10.95 [199] 33.19453946 30.62395135 34.64542850 32.37140995 61.20309439 32.38174568[] 
 []


Overfull \hbox (7.39111pt too wide) in paragraph at lines 5235--5235
[]  \TU/lmtt/m/n/10.95 [205] 33.49690186 34.79009445 33.30044443 33.35705289 30.65513006 33.37149061[] 
 []


Overfull \hbox (7.39111pt too wide) in paragraph at lines 5235--5235
[]  \TU/lmtt/m/n/10.95 [211] 33.50940185 34.69154075 30.67762486 34.73982021 33.18083424 34.83899448[] 
 []


Overfull \hbox (7.39111pt too wide) in paragraph at lines 5235--5235
[]  \TU/lmtt/m/n/10.95 [217] 33.37175145 33.42638605 32.31866831 32.40676931 34.63148164 30.66092596[] 
 []


Overfull \hbox (7.39111pt too wide) in paragraph at lines 5235--5235
[]  \TU/lmtt/m/n/10.95 [223] 33.37339198 61.18796173 33.47499418 33.48571489 30.65555967 61.18731311[] 
 []


Overfull \hbox (7.39111pt too wide) in paragraph at lines 5235--5235
[]  \TU/lmtt/m/n/10.95 [229] 33.52756638 30.68257783 33.49890640 33.31545182 32.36846008 33.18876593[] 
 []


Overfull \hbox (7.39111pt too wide) in paragraph at lines 5235--5235
[]  \TU/lmtt/m/n/10.95 [235] 32.35119843 33.61829244 30.69863167 30.62677464 32.31528184 33.57016467[] 
 []


Overfull \hbox (7.39111pt too wide) in paragraph at lines 5235--5235
[]  \TU/lmtt/m/n/10.95 [241] 33.32815971 33.31014939 33.59674419 33.66418938 61.21211508 30.57616134[] 
 []


Overfull \hbox (7.39111pt too wide) in paragraph at lines 5235--5235
[]  \TU/lmtt/m/n/10.95 [247] 33.22081117 33.40918375 33.50596558 61.18978485 33.56500159 33.35735908[] 
 []


Overfull \hbox (7.39111pt too wide) in paragraph at lines 5235--5235
[]  \TU/lmtt/m/n/10.95 [253] 33.30458726 34.72757497 33.48478405 61.33087687 34.74577746 33.22706847[] 
 []


Overfull \hbox (7.39111pt too wide) in paragraph at lines 5235--5235
[]  \TU/lmtt/m/n/10.95 [259]          NA 33.32388946 61.17388151 32.34070932 61.27402825 30.67984343[] 
 []


Overfull \hbox (7.39111pt too wide) in paragraph at lines 5235--5235
[]  \TU/lmtt/m/n/10.95 [265] 32.37611483 32.37201753 30.65009859 33.37180731 33.38390166 34.75446961[] 
 []


Overfull \hbox (7.39111pt too wide) in paragraph at lines 5235--5235
[]  \TU/lmtt/m/n/10.95 [271] 33.50074394 30.68341309 33.54424046 32.31521471 33.32841596 33.31001370[] 
 []


Overfull \hbox (7.39111pt too wide) in paragraph at lines 5235--5235
[]  \TU/lmtt/m/n/10.95 [277] 33.32431457 61.17696627 33.44394259 30.72731679 33.34241879 33.23729286[] 
 []


Overfull \hbox (7.39111pt too wide) in paragraph at lines 5235--5235
[]  \TU/lmtt/m/n/10.95 [283] 34.75076144 33.38583674 33.23686488 34.68310423 33.29890212 33.51760084[] 
 []


Overfull \hbox (7.39111pt too wide) in paragraph at lines 5235--5235
[]  \TU/lmtt/m/n/10.95 [289] 33.58048452 33.21378060 33.42793778 32.36117100 61.10157181 32.31612749[] 
 []

[6]
Overfull \hbox (7.39111pt too wide) in paragraph at lines 5235--5235
[]  \TU/lmtt/m/n/10.95 [295] 33.15946663 34.81038039 32.37155556 33.47857078 30.66981534 32.30163750[] 
 []


Overfull \hbox (7.39111pt too wide) in paragraph at lines 5235--5235
[]  \TU/lmtt/m/n/10.95 [301] 33.32066704 33.54291433 33.17992806 33.35715547 30.58797455 34.76287824[] 
 []


Overfull \hbox (7.39111pt too wide) in paragraph at lines 5235--5235
[]  \TU/lmtt/m/n/10.95 [307] 33.50341959 33.56702939 33.18501798 30.67785042 61.21751149 33.31412010[] 
 []


Overfull \hbox (7.39111pt too wide) in paragraph at lines 5235--5235
[]  \TU/lmtt/m/n/10.95 [313] 34.78080330 33.43964436 32.34824166 34.63659183 33.28318981 33.29955235[] 
 []


Overfull \hbox (7.39111pt too wide) in paragraph at lines 5235--5235
[]  \TU/lmtt/m/n/10.95 [319] 33.23820134 61.06907930 61.15927395 30.70554970 33.43121367 33.53831532[] 
 []


Overfull \hbox (7.39111pt too wide) in paragraph at lines 5235--5235
[]  \TU/lmtt/m/n/10.95 [325] 30.68277338 33.26949089 33.18264915 33.48854935 61.12859062 33.60507426[] 
 []


Overfull \hbox (7.39111pt too wide) in paragraph at lines 5235--5235
[]  \TU/lmtt/m/n/10.95 [331] 33.27016934 33.43842176 32.39621251 33.21330012 32.35405944 32.36213955[] 
 []


Overfull \hbox (7.39111pt too wide) in paragraph at lines 5235--5235
[]  \TU/lmtt/m/n/10.95 [337] 61.17531998 33.35051917 32.29578117 34.74357584 33.29807040 33.49459090[] 
 []


Overfull \hbox (7.39111pt too wide) in paragraph at lines 5235--5235
[]  \TU/lmtt/m/n/10.95 [343] 34.77415538 30.64346087 33.37203230 33.47388616 33.20798747 33.29246585[] 
 []


Overfull \hbox (7.39111pt too wide) in paragraph at lines 5235--5235
[]  \TU/lmtt/m/n/10.95 [349] 30.70029009 33.53729934 32.40511914 61.21675334 33.21234925 30.71456461[] 
 []


Overfull \hbox (7.39111pt too wide) in paragraph at lines 5235--5235
[]  \TU/lmtt/m/n/10.95 [355] 33.31369477 33.36536128 33.46953581 61.21506200 30.74941103 33.59314019[] 
 []


Overfull \hbox (7.39111pt too wide) in paragraph at lines 5235--5235
[]  \TU/lmtt/m/n/10.95 [361] 33.26888629 33.28952273 33.50657140 33.48067088 33.32794213 33.39401852[] 
 []


Overfull \hbox (7.39111pt too wide) in paragraph at lines 5235--5235
[]  \TU/lmtt/m/n/10.95 [367] 30.69111435 33.16121920 61.18806430 33.44972765          NA 33.42265931[] 
 []


Overfull \hbox (7.39111pt too wide) in paragraph at lines 5235--5235
[]  \TU/lmtt/m/n/10.95 [373] 34.68010749 33.48944283 61.14986873 32.33561264 33.37676027 33.36053424[] 
 []


Overfull \hbox (7.39111pt too wide) in paragraph at lines 5235--5235
[]  \TU/lmtt/m/n/10.95 [379] 34.72731921 33.40999055 33.19327580 61.32863559 30.73492904 30.65060681[] 
 []


Overfull \hbox (7.39111pt too wide) in paragraph at lines 5235--5235
[]  \TU/lmtt/m/n/10.95 [385] 33.19486427 32.33481910 61.09481928 33.32605141 33.52756638 32.33600853[] 
 []


Overfull \hbox (7.39111pt too wide) in paragraph at lines 5235--5235
[]  \TU/lmtt/m/n/10.95 [391] 34.65608280 61.18855020 33.26919752 30.56194640 33.52009812 34.80497616[] 
 []


Overfull \hbox (7.39111pt too wide) in paragraph at lines 5235--5235
[]  \TU/lmtt/m/n/10.95 [397] 33.40135496 33.53334160 33.61428615 34.69946517 33.23574552 32.29292053[] 
 []


Overfull \hbox (7.39111pt too wide) in paragraph at lines 5235--5235
[]  \TU/lmtt/m/n/10.95 [403] 33.29866296 33.31014939 34.75495602 33.55719510 34.65423653 33.35314877[] 
 []


Overfull \hbox (7.39111pt too wide) in paragraph at lines 5235--5235
[]  \TU/lmtt/m/n/10.95 [409] 33.23911790 33.42239422 33.35336401 33.51225811 31.06499392 32.53172830[] 
 []


Overfull \hbox (7.39111pt too wide) in paragraph at lines 5235--5235
[]  \TU/lmtt/m/n/10.95 [415] 33.19380381 33.04863540 33.42903673 33.48780710 33.46961020 33.53451155[] 
 []


Overfull \hbox (7.39111pt too wide) in paragraph at lines 5235--5235
[]  \TU/lmtt/m/n/10.95 [421] 33.41162920 33.63484585 33.50145096 33.46215582 33.57874656 33.45341335[] 
 []


Overfull \hbox (7.39111pt too wide) in paragraph at lines 5235--5235
[]  \TU/lmtt/m/n/10.95 [427] 33.48784733 33.57437563 33.41147599 33.51277194 33.48772494 33.41188094[] 
 []


Overfull \hbox (7.39111pt too wide) in paragraph at lines 5235--5235
[]  \TU/lmtt/m/n/10.95 [433] 33.56032345 33.65987781 33.39016243 33.66108434 33.63510062 33.64781486[] 
 []


Overfull \hbox (7.39111pt too wide) in paragraph at lines 5235--5235
[]  \TU/lmtt/m/n/10.95 [439] 33.36791145 33.61883199 33.56078776 33.39667475 33.60358078 33.67708654[] 
 []


Overfull \hbox (7.39111pt too wide) in paragraph at lines 5235--5235
[]  \TU/lmtt/m/n/10.95 [445] 33.53480136 33.70551583 33.85376462 33.43236826 33.59415404 33.63216979[] 
 []


Overfull \hbox (7.39111pt too wide) in paragraph at lines 5235--5235
[]  \TU/lmtt/m/n/10.95 [451] 33.52979962 33.67753582 33.37187191 33.44406517 33.77549343 33.77803502[] 
 []


Overfull \hbox (7.39111pt too wide) in paragraph at lines 5235--5235
[]  \TU/lmtt/m/n/10.95 [457] 33.65881032 33.41970255 33.60413731 33.48863417 33.63181975 33.40087754[] 
 []


Overfull \hbox (7.39111pt too wide) in paragraph at lines 5235--5235
[]  \TU/lmtt/m/n/10.95 [463] 33.83890770 33.50217092 33.72497109 33.38943008 33.64568675 33.62654141[] 
 []


Overfull \hbox (7.39111pt too wide) in paragraph at lines 5235--5235
[]  \TU/lmtt/m/n/10.95 [469] 33.40409458 33.46662420 33.42958756 33.56024017 33.42669927 33.40017759[] 
 []


Overfull \hbox (7.39111pt too wide) in paragraph at lines 5235--5235
[]  \TU/lmtt/m/n/10.95 [475] 33.47466090 33.55862516 33.34573110 33.65955051 33.41184527 33.61750071[] 
 []


Overfull \hbox (7.39111pt too wide) in paragraph at lines 5235--5235
[]  \TU/lmtt/m/n/10.95 [481] 33.50198212 33.38490861 33.64398336 33.46391880 33.41165404 33.41014240[] 
 []


Overfull \hbox (7.39111pt too wide) in paragraph at lines 5235--5235
[]  \TU/lmtt/m/n/10.95 [487] 33.48763336 33.57577537 33.79354707 33.36033424 33.58923401 33.52033935[] 
 []


Overfull \hbox (7.39111pt too wide) in paragraph at lines 5235--5235
[]  \TU/lmtt/m/n/10.95 [493] 33.32792466 33.50539011 33.54569093 33.39304190 33.72113298 33.38650498[] 
 []


Overfull \hbox (7.39111pt too wide) in paragraph at lines 5235--5235
[]  \TU/lmtt/m/n/10.95 [499] 33.42917004 33.33638878 33.48616237 33.51320619 33.56028507 33.39950213[] 
 []


Overfull \hbox (7.39111pt too wide) in paragraph at lines 5235--5235
[]  \TU/lmtt/m/n/10.95 [505] 33.38675042 33.47298426 33.58983645 33.45645131 33.44051322 33.67433601[] 
 []


Overfull \hbox (7.39111pt too wide) in paragraph at lines 5235--5235
[]  \TU/lmtt/m/n/10.95 [511] 33.30368549 33.54574044 33.64379951 33.60361150 33.67170555 33.57505197[] 
 []


Overfull \hbox (7.39111pt too wide) in paragraph at lines 5235--5235
[]  \TU/lmtt/m/n/10.95 [517] 33.41547660 33.57516044 33.61870043 33.49101868 33.50638865 33.34031929[] 
 []


Overfull \hbox (7.39111pt too wide) in paragraph at lines 5235--5235
[]  \TU/lmtt/m/n/10.95 [523] 33.49911889 33.53660760 33.61804608 33.45873147 33.50222513 33.47220964[] 
 []


Overfull \hbox (7.39111pt too wide) in paragraph at lines 5235--5235
[]  \TU/lmtt/m/n/10.95 [529] 33.61989829 33.39546186 33.60353109 33.48755316 33.29765740 33.35443554[] 
 []


Overfull \hbox (7.39111pt too wide) in paragraph at lines 5235--5235
[]  \TU/lmtt/m/n/10.95 [535] 33.52044707 33.60427124 33.41891102 33.68105722 33.37195098 33.47680391[] 
 []


Overfull \hbox (7.39111pt too wide) in paragraph at lines 5235--5235
[]  \TU/lmtt/m/n/10.95 [541] 33.51671107 33.47244837 33.40100603 33.61703139 33.67938290 33.46074615[] 
 []


Overfull \hbox (7.39111pt too wide) in paragraph at lines 5235--5235
[]  \TU/lmtt/m/n/10.95 [547] 33.40437154 33.57426465 33.45495925 33.39989889 33.45503802 33.48775857[] 
 []

[7]
Overfull \hbox (7.39111pt too wide) in paragraph at lines 5235--5235
[]  \TU/lmtt/m/n/10.95 [553] 33.39711051 33.57383871 33.38419984 33.64611007 33.48778171 33.50908761[] 
 []


Overfull \hbox (7.39111pt too wide) in paragraph at lines 5235--5235
[]  \TU/lmtt/m/n/10.95 [559] 33.53099868 33.41918053 33.41397760 33.54334931 33.66185874 33.58671096[] 
 []


Overfull \hbox (7.39111pt too wide) in paragraph at lines 5235--5235
[]  \TU/lmtt/m/n/10.95 [565] 33.47357003 33.44407049 33.41215370 33.65104422 33.58948381 33.36774222[] 
 []


Overfull \hbox (7.39111pt too wide) in paragraph at lines 5235--5235
[]  \TU/lmtt/m/n/10.95 [571] 33.50147954 33.56030546 33.48571763 33.76436642 33.69161396 33.72398859[] 
 []


Overfull \hbox (7.39111pt too wide) in paragraph at lines 5235--5235
[]  \TU/lmtt/m/n/10.95 [577] 33.66191086 33.63689820 33.29908089 33.49673443 33.44787428 33.49866774[] 
 []


Overfull \hbox (7.39111pt too wide) in paragraph at lines 5235--5235
[]  \TU/lmtt/m/n/10.95 [583] 33.54396821 33.37072897 33.65992271 33.56031685 33.38632269 33.61817025[] 
 []


Overfull \hbox (7.39111pt too wide) in paragraph at lines 5235--5235
[]  \TU/lmtt/m/n/10.95 [589] 33.33536932 33.40412984 33.31673766 33.60608678 33.44543934 33.41510478[] 
 []


Overfull \hbox (7.39111pt too wide) in paragraph at lines 5235--5235
[]  \TU/lmtt/m/n/10.95 [595] 33.52760218 33.40228374 33.58914080 33.42173184 33.44457583 33.51281147[] 
 []


Overfull \hbox (7.39111pt too wide) in paragraph at lines 5235--5235
[]  \TU/lmtt/m/n/10.95 [601] 33.45910610 33.38536968 33.64701652 33.60291404 33.37086050 33.64791364[] 
 []


Overfull \hbox (7.39111pt too wide) in paragraph at lines 5235--5235
[]  \TU/lmtt/m/n/10.95 [607] 33.45532001 33.89261520 33.84668520 32.24732902 34.73940633 32.18135041[] 
 []


Overfull \hbox (7.39111pt too wide) in paragraph at lines 5235--5235
[]  \TU/lmtt/m/n/10.95 [613] 33.81047694 33.63144798 36.09850658 32.20222010 32.27114356 34.09092070[] 
 []


Overfull \hbox (7.39111pt too wide) in paragraph at lines 5235--5235
[]  \TU/lmtt/m/n/10.95 [619] 33.67798983 36.15697754 32.22024323 33.57514371 34.10124490 32.08621839[] 
 []


Overfull \hbox (7.39111pt too wide) in paragraph at lines 5235--5235
[]  \TU/lmtt/m/n/10.95 [625] 32.69098052 33.83890770 33.67279181 33.82350148 33.51664986 32.17801813[] 
 []


Overfull \hbox (7.39111pt too wide) in paragraph at lines 5235--5235
[]  \TU/lmtt/m/n/10.95 [631] 33.84407492 36.22388525 33.41481509 33.83318280 32.24349973 33.83579462[] 
 []


Overfull \hbox (7.39111pt too wide) in paragraph at lines 5235--5235
[]  \TU/lmtt/m/n/10.95 [637] 32.14132785 34.69477603 32.23876847 33.45931624 35.39428455 35.86750287[] 
 []


Overfull \hbox (7.39111pt too wide) in paragraph at lines 5235--5235
[]  \TU/lmtt/m/n/10.95 [643] 32.59860271 33.68038352 34.06549182 34.75003671 32.15965441 32.26472724[] 
 []


Overfull \hbox (7.39111pt too wide) in paragraph at lines 5235--5235
[]  \TU/lmtt/m/n/10.95 [649] 32.29564477 32.26282647 36.09512485 37.78308551 37.73311156 34.71673107[] 
 []


Overfull \hbox (7.39111pt too wide) in paragraph at lines 5235--5235
[]  \TU/lmtt/m/n/10.95 [655] 33.81456970 33.44252249 32.25178440 34.76160186 32.65464731 33.85495866[] 
 []


Overfull \hbox (7.39111pt too wide) in paragraph at lines 5235--5235
[]  \TU/lmtt/m/n/10.95 [661] 32.24393346 33.79901191 33.60295183 33.39333974 35.36407062 33.85844056[] 
 []


Overfull \hbox (7.39111pt too wide) in paragraph at lines 5235--5235
[]  \TU/lmtt/m/n/10.95 [667] 33.32936358 34.78332302 32.22947163 35.77438489 34.78676351 32.08051453[] 
 []


Overfull \hbox (7.39111pt too wide) in paragraph at lines 5235--5235
[]  \TU/lmtt/m/n/10.95 [673] 32.13838296 33.61671014 33.41113155 32.70234008 37.98720416 33.83549142[] 
 []


Overfull \hbox (7.39111pt too wide) in paragraph at lines 5235--5235
[]  \TU/lmtt/m/n/10.95 [679] 32.68007778 36.19846496 32.31634744 32.13522102 37.76980455 34.66871306[] 
 []


Overfull \hbox (7.39111pt too wide) in paragraph at lines 5235--5235
[]  \TU/lmtt/m/n/10.95 [685] 35.81905907 36.11352628 32.22815666 32.67670998 34.73969170 33.81184457[] 
 []


Overfull \hbox (7.39111pt too wide) in paragraph at lines 5235--5235
[]  \TU/lmtt/m/n/10.95 [691] 32.08507746 33.59793648 34.66069735 33.79983581 33.58788104 34.74807022[] 
 []


Overfull \hbox (7.39111pt too wide) in paragraph at lines 5235--5235
[]  \TU/lmtt/m/n/10.95 [697] 35.82409357 33.68724937 34.75677331 32.19924446 33.77053237 32.24297292[] 
 []


Overfull \hbox (7.39111pt too wide) in paragraph at lines 5235--5235
[]  \TU/lmtt/m/n/10.95 [703] 32.15796033 37.76456252 32.15672445 32.71702269 33.62003505 32.10355481[] 
 []


Overfull \hbox (7.39111pt too wide) in paragraph at lines 5235--5235
[]  \TU/lmtt/m/n/10.95 [709] 37.96788396 33.40024178 33.86748481 32.65745869 34.75942816 35.39315351[] 
 []


Overfull \hbox (7.39111pt too wide) in paragraph at lines 5235--5235
[]  \TU/lmtt/m/n/10.95 [715] 32.21380574 33.85107769 33.37117392 37.95196133 36.19328129 35.82873669[] 
 []


Overfull \hbox (7.39111pt too wide) in paragraph at lines 5235--5235
[]  \TU/lmtt/m/n/10.95 [721] 34.77580205 32.25144431 33.64381645 32.26832082 32.26412305 32.19273349[] 
 []


Overfull \hbox (7.39111pt too wide) in paragraph at lines 5235--5235
[]  \TU/lmtt/m/n/10.95 [727] 34.07366058 33.80143574 34.73087632 33.66087001 34.73235209 33.42873538[] 
 []


Overfull \hbox (7.39111pt too wide) in paragraph at lines 5235--5235
[]  \TU/lmtt/m/n/10.95 [733] 32.21615445 33.63156665 32.70194969 35.30168434 35.33348290 32.22286624[] 
 []


Overfull \hbox (7.39111pt too wide) in paragraph at lines 5235--5235
[]  \TU/lmtt/m/n/10.95 [739] 33.50583986 33.82470138 33.58949671 32.19903596 34.76867131 33.80640148[] 
 []


Overfull \hbox (7.39111pt too wide) in paragraph at lines 5235--5235
[]  \TU/lmtt/m/n/10.95 [745] 34.07190298 36.03763764 33.73351787 34.70000474 33.48763006 33.35645179[] 
 []


Overfull \hbox (7.39111pt too wide) in paragraph at lines 5235--5235
[]  \TU/lmtt/m/n/10.95 [751] 32.23372919 35.34916926 33.85763627 32.16114649 32.29253982 32.67655655[] 
 []


Overfull \hbox (7.39111pt too wide) in paragraph at lines 5235--5235
[]  \TU/lmtt/m/n/10.95 [757] 33.57516444 33.42911792 33.41471038 32.26920314 34.10399969 32.24120988[] 
 []


Overfull \hbox (7.39111pt too wide) in paragraph at lines 5235--5235
[]  \TU/lmtt/m/n/10.95 [763] 36.22258714 32.03521211 33.39657624 32.67681052 35.26683989 33.82643021[] 
 []


Overfull \hbox (7.39111pt too wide) in paragraph at lines 5235--5235
[]  \TU/lmtt/m/n/10.95 [769] 36.12056806 34.72512793 34.63740056 33.81417478 32.23731174 38.00887079[] 
 []


Overfull \hbox (7.39111pt too wide) in paragraph at lines 5235--5235
[]  \TU/lmtt/m/n/10.95 [775] 33.63159359 33.58900257 34.07101963 33.83825255 33.64172446 32.18512992[] 
 []


Overfull \hbox (7.39111pt too wide) in paragraph at lines 5235--5235
[]  \TU/lmtt/m/n/10.95 [781] 33.57803531 32.69142057 33.59470697 32.03299007 34.76119170 33.84778933[] 
 []


Overfull \hbox (7.39111pt too wide) in paragraph at lines 5235--5235
[]  \TU/lmtt/m/n/10.95 [787] 37.99468476 33.85062713 37.75358450 32.18975706 32.18584661 32.66025417[] 
 []


Overfull \hbox (7.39111pt too wide) in paragraph at lines 5235--5235
[]  \TU/lmtt/m/n/10.95 [793] 36.11232800 33.41842856 35.81472917 32.24441709 36.15706002 33.40024787[] 
 []


Overfull \hbox (7.39111pt too wide) in paragraph at lines 5235--5235
[]  \TU/lmtt/m/n/10.95 [799] 33.38826403 32.29714365 33.83284196 37.75152797 32.24815953 37.97770429[] 
 []


Overfull \hbox (7.39111pt too wide) in paragraph at lines 5235--5235
[]  \TU/lmtt/m/n/10.95 [80